Arguments: 
  /usr/bin/node /usr/bin/yarn init

PATH: 
  /usr/local/sbin:/usr/local/bin:/usr/sbin:/usr/bin:/sbin:/bin:/usr/games:/usr/local/games:/snap/bin:/snap/bin:/home/senthil/java/jdk-18.0.2.1/bin:/home/senthil/java/apache-maven-3.8.6/bin:/home/senthil/java/gradle-7.5.1/bin:/home/senthil/bin2:/home/senthil/go/bin:/home/senthil/tools/istio-1.16.1/bin:/home/senthil/java/jdk-18.0.2.1/bin:/home/senthil/java/apache-maven-3.8.6/bin:/home/senthil/java/gradle-7.5.1/bin:/home/senthil/bin2:/home/senthil/go/bin:/home/senthil/tools/istio-1.16.1/bin

Yarn version: 
  1.22.19

Node version: 
  19.8.1

Platform: 
  linux x64

Trace: 
  Error: canceled
      at Interface.<anonymous> (/usr/lib/node_modules/yarn/lib/cli.js:137150:13)
      at Interface.emit (node:events:512:28)
      at [_ttyWrite] [as _ttyWrite] (node:internal/readline/interface:1132:18)
      at ReadStream.onkeypress (node:internal/readline/interface:271:20)
      at ReadStream.emit (node:events:512:28)
      at emitKeys (node:internal/readline/utils:357:14)
      at emitKeys.next (<anonymous>)
      at ReadStream.onData (node:internal/readline/emitKeypressEvents:64:36)
      at ReadStream.emit (node:events:512:28)
      at addChunk (node:internal/streams/readable:324:12)

npm manifest: 
  No manifest

yarn manifest: 
  No manifest

Lockfile: 
  No lockfile
